<?xml version="1.0" encoding="UTF-8"?>
<testsuite name="usi.vaa.elasticsearch.plugin.ingest.lookup.LookupProcessorTests" tests="2" skipped="0" failures="0" errors="0" timestamp="2023-05-02T10:15:36" hostname="USI-Ilarias-MBP.usilu.net" time="0.011">
  <properties/>
  <testcase name="testSimple" classname="usi.vaa.elasticsearch.plugin.ingest.lookup.LookupProcessorTests" time="0.009"/>
  <testcase name="testEmptyField" classname="usi.vaa.elasticsearch.plugin.ingest.lookup.LookupProcessorTests" time="0.002"/>
  <system-out><![CDATA[[2023-05-02T20:45:36,741][INFO ][u.v.e.p.i.l.LookupProcessorTests] [testSimple] before test
[2023-05-02T20:45:36,747][INFO ][u.v.e.p.i.l.LookupProcessorTests] [testSimple] after test
[2023-05-02T20:45:36,749][INFO ][u.v.e.p.i.l.LookupProcessorTests] [testEmptyField] before test
[2023-05-02T20:45:36,750][INFO ][u.v.e.p.i.l.LookupProcessorTests] [testEmptyField] after test
]]></system-out>
  <system-err><![CDATA[]]></system-err>
</testsuite>
